# JRE version: OpenJDK Runtime Environment (8.0_202-b03) (build 1.8.0_202-release-1483-b03)
# Java VM: OpenJDK 64-Bit Server VM (25.202-b03 mixed mode windows-amd64 compressed oops)
Heap:
 PSYoungGen      total 483840K, used 161361K [0x00000000e0000000, 0x00000000ffd80000, 0x0000000100000000)
  eden space 446976K, 33% used [0x00000000e0000000,0x00000000e91ae128,0x00000000fb480000)
  from space 36864K, 33% used [0x00000000fb480000,0x00000000fc066540,0x00000000fd880000)
  to   space 34816K, 0% used [0x00000000fdb80000,0x00000000fdb80000,0x00000000ffd80000)
 ParOldGen       total 151040K, used 110260K [0x00000000a0000000, 0x00000000a9380000, 0x00000000e0000000)
  object space 151040K, 73% used [0x00000000a0000000,0x00000000a6bad2d0,0x00000000a9380000)
 Metaspace       used 101949K, capacity 105972K, committed 106200K, reserved 1142784K
  class space    used 12637K, capacity 13450K, committed 13568K, reserved 1048576K
GC Heap History (10 events):
Event: 759.225 GC heap before
{Heap before GC invocations=82 (full 7):
 PSYoungGen      total 479232K, used 445888K [0x00000000e0000000, 0x00000000ffd80000, 0x0000000100000000)
  eden space 438784K, 100% used [0x00000000e0000000,0x00000000fac80000,0x00000000fac80000)
  from space 40448K, 17% used [0x00000000fd600000,0x00000000fdcf0000,0x00000000ffd80000)
  to   space 41472K, 0% used [0x00000000fac80000,0x00000000fac80000,0x00000000fd500000)
 ParOldGen       total 151040K, used 90882K [0x00000000a0000000, 0x00000000a9380000, 0x00000000e0000000)
  object space 151040K, 60% used [0x00000000a0000000,0x00000000a58c09f8,0x00000000a9380000)
 Metaspace       used 101887K, capacity 105838K, committed 106200K, reserved 1142784K
  class space    used 12636K, capacity 13449K, committed 13568K, reserved 1048576K
Event: 759.258 GC heap after
Heap after GC invocations=82 (full 7):
 PSYoungGen      total 480256K, used 3070K [0x00000000e0000000, 0x0000000100000000, 0x0000000100000000)
  eden space 438784K, 0% used [0x00000000e0000000,0x00000000e0000000,0x00000000fac80000)
  from space 41472K, 7% used [0x00000000fac80000,0x00000000faf7f910,0x00000000fd500000)
  to   space 40960K, 0% used [0x00000000fd800000,0x00000000fd800000,0x0000000100000000)
 ParOldGen       total 151040K, used 96354K [0x00000000a0000000, 0x00000000a9380000, 0x00000000e0000000)
  object space 151040K, 63% used [0x00000000a0000000,0x00000000a5e18a50,0x00000000a9380000)
 Metaspace       used 101887K, capacity 105838K, committed 106200K, reserved 1142784K
  class space    used 12636K, capacity 13449K, committed 13568K, reserved 1048576K
}
Event: 762.166 GC heap before
{Heap before GC invocations=83 (full 7):
 PSYoungGen      total 480256K, used 441854K [0x00000000e0000000, 0x0000000100000000, 0x0000000100000000)
  eden space 438784K, 100% used [0x00000000e0000000,0x00000000fac80000,0x00000000fac80000)
  from space 41472K, 7% used [0x00000000fac80000,0x00000000faf7f910,0x00000000fd500000)
  to   space 40960K, 0% used [0x00000000fd800000,0x00000000fd800000,0x0000000100000000)
 ParOldGen       total 151040K, used 96354K [0x00000000a0000000, 0x00000000a9380000, 0x00000000e0000000)
  object space 151040K, 63% used [0x00000000a0000000,0x00000000a5e18a50,0x00000000a9380000)
 Metaspace       used 101904K, capacity 105902K, committed 106200K, reserved 1142784K
  class space    used 12636K, capacity 13449K, committed 13568K, reserved 1048576K
Event: 762.194 GC heap after
Heap after GC invocations=83 (full 7):
 PSYoungGen      total 479232K, used 10364K [0x00000000e0000000, 0x00000000ffc80000, 0x0000000100000000)
  eden space 441856K, 0% used [0x00000000e0000000,0x00000000e0000000,0x00000000faf80000)
  from space 37376K, 27% used [0x00000000fd800000,0x00000000fe21f000,0x00000000ffc80000)
  to   space 39424K, 0% used [0x00000000faf80000,0x00000000faf80000,0x00000000fd600000)
 ParOldGen       total 151040K, used 98090K [0x00000000a0000000, 0x00000000a9380000, 0x00000000e0000000)
  object space 151040K, 64% used [0x00000000a0000000,0x00000000a5fcaa20,0x00000000a9380000)
 Metaspace       used 101904K, capacity 105902K, committed 106200K, reserved 1142784K
  class space    used 12636K, capacity 13449K, committed 13568K, reserved 1048576K
}
Event: 766.481 GC heap before
{Heap before GC invocations=84 (full 7):
 PSYoungGen      total 479232K, used 452220K [0x00000000e0000000, 0x00000000ffc80000, 0x0000000100000000)
  eden space 441856K, 100% used [0x00000000e0000000,0x00000000faf80000,0x00000000faf80000)
  from space 37376K, 27% used [0x00000000fd800000,0x00000000fe21f000,0x00000000ffc80000)
  to   space 39424K, 0% used [0x00000000faf80000,0x00000000faf80000,0x00000000fd600000)
 ParOldGen       total 151040K, used 98090K [0x00000000a0000000, 0x00000000a9380000, 0x00000000e0000000)
  object space 151040K, 64% used [0x00000000a0000000,0x00000000a5fcaa20,0x00000000a9380000)
 Metaspace       used 101920K, capacity 105902K, committed 106200K, reserved 1142784K
  class space    used 12636K, capacity 13449K, committed 13568K, reserved 1048576K
Event: 766.553 GC heap after
Heap after GC invocations=84 (full 7):
 PSYoungGen      total 481280K, used 8306K [0x00000000e0000000, 0x00000000fff00000, 0x0000000100000000)
  eden space 441856K, 0% used [0x00000000e0000000,0x00000000e0000000,0x00000000faf80000)
  from space 39424K, 21% used [0x00000000faf80000,0x00000000fb79c840,0x00000000fd600000)
  to   space 37888K, 0% used [0x00000000fda00000,0x00000000fda00000,0x00000000fff00000)
 ParOldGen       total 151040K, used 105951K [0x00000000a0000000, 0x00000000a9380000, 0x00000000e0000000)
  object space 151040K, 70% used [0x00000000a0000000,0x00000000a6777ea8,0x00000000a9380000)
 Metaspace       used 101920K, capacity 105902K, committed 106200K, reserved 1142784K
  class space    used 12636K, capacity 13449K, committed 13568K, reserved 1048576K
}
Event: 773.796 GC heap before
{Heap before GC invocations=85 (full 7):
 PSYoungGen      total 481280K, used 450162K [0x00000000e0000000, 0x00000000fff00000, 0x0000000100000000)
  eden space 441856K, 100% used [0x00000000e0000000,0x00000000faf80000,0x00000000faf80000)
  from space 39424K, 21% used [0x00000000faf80000,0x00000000fb79c840,0x00000000fd600000)
  to   space 37888K, 0% used [0x00000000fda00000,0x00000000fda00000,0x00000000fff00000)
 ParOldGen       total 151040K, used 105951K [0x00000000a0000000, 0x00000000a9380000, 0x00000000e0000000)
  object space 151040K, 70% used [0x00000000a0000000,0x00000000a6777ea8,0x00000000a9380000)
 Metaspace       used 101928K, capacity 105908K, committed 106200K, reserved 1142784K
  class space    used 12636K, capacity 13450K, committed 13568K, reserved 1048576K
Event: 773.826 GC heap after
Heap after GC invocations=85 (full 7):
 PSYoungGen      total 482304K, used 3282K [0x00000000e0000000, 0x00000000ffc80000, 0x0000000100000000)
  eden space 446976K, 0% used [0x00000000e0000000,0x00000000e0000000,0x00000000fb480000)
  from space 35328K, 9% used [0x00000000fda00000,0x00000000fdd34960,0x00000000ffc80000)
  to   space 36864K, 0% used [0x00000000fb480000,0x00000000fb480000,0x00000000fd880000)
 ParOldGen       total 151040K, used 107628K [0x00000000a0000000, 0x00000000a9380000, 0x00000000e0000000)
  object space 151040K, 71% used [0x00000000a0000000,0x00000000a691b2b0,0x00000000a9380000)
 Metaspace       used 101928K, capacity 105908K, committed 106200K, reserved 1142784K
  class space    used 12636K, capacity 13450K, committed 13568K, reserved 1048576K
}
Event: 779.182 GC heap before
{Heap before GC invocations=86 (full 7):
 PSYoungGen      total 482304K, used 450258K [0x00000000e0000000, 0x00000000ffc80000, 0x0000000100000000)
  eden space 446976K, 100% used [0x00000000e0000000,0x00000000fb480000,0x00000000fb480000)
  from space 35328K, 9% used [0x00000000fda00000,0x00000000fdd34960,0x00000000ffc80000)
  to   space 36864K, 0% used [0x00000000fb480000,0x00000000fb480000,0x00000000fd880000)
 ParOldGen       total 151040K, used 107628K [0x00000000a0000000, 0x00000000a9380000, 0x00000000e0000000)
  object space 151040K, 71% used [0x00000000a0000000,0x00000000a691b2b0,0x00000000a9380000)
 Metaspace       used 101942K, capacity 105972K, committed 106200K, reserved 1142784K
  class space    used 12637K, capacity 13450K, committed 13568K, reserved 1048576K
Event: 779.211 GC heap after
Heap after GC invocations=86 (full 7):
 PSYoungGen      total 483840K, used 12185K [0x00000000e0000000, 0x00000000ffd80000, 0x0000000100000000)
  eden space 446976K, 0% used [0x00000000e0000000,0x00000000e0000000,0x00000000fb480000)
  from space 36864K, 33% used [0x00000000fb480000,0x00000000fc066540,0x00000000fd880000)
  to   space 34816K, 0% used [0x00000000fdb80000,0x00000000fdb80000,0x00000000ffd80000)
 ParOldGen       total 151040K, used 110260K [0x00000000a0000000, 0x00000000a9380000, 0x00000000e0000000)
  object space 151040K, 73% used [0x00000000a0000000,0x00000000a6bad2d0,0x00000000a9380000)
 Metaspace       used 101942K, capacity 105972K, committed 106200K, reserved 1142784K
  class space    used 12637K, capacity 13450K, committed 13568K, reserved 1048576K
}

