# JRE version: OpenJDK Runtime Environment (8.0_202-b03) (build 1.8.0_202-release-1483-b03)
# Java VM: OpenJDK 64-Bit Server VM (25.202-b03 mixed mode windows-amd64 compressed oops)
Heap:
 PSYoungGen      total 462336K, used 7577K [0x00000000e0000000, 0x00000000ff800000, 0x0000000100000000)
  eden space 415744K, 0% used [0x00000000e0000000,0x00000000e0000000,0x00000000f9600000)
  from space 46592K, 16% used [0x00000000fca80000,0x00000000fd1e6610,0x00000000ff800000)
  to   space 50176K, 0% used [0x00000000f9600000,0x00000000f9600000,0x00000000fc700000)
 ParOldGen       total 217600K, used 207873K [0x00000000a0000000, 0x00000000ad480000, 0x00000000e0000000)
  object space 217600K, 95% used [0x00000000a0000000,0x00000000acb00548,0x00000000ad480000)
 Metaspace       used 119485K, capacity 124638K, committed 125120K, reserved 1159168K
  class space    used 14899K, capacity 15927K, committed 16088K, reserved 1048576K
GC Heap History (10 events):
Event: 1113.093 GC heap after
Heap after GC invocations=65 (full 5):
 PSYoungGen      total 450048K, used 12202K [0x00000000e0000000, 0x00000000ff700000, 0x0000000100000000)
  eden space 395264K, 0% used [0x00000000e0000000,0x00000000e0000000,0x00000000f8200000)
  from space 54784K, 22% used [0x00000000fc180000,0x00000000fcd6a980,0x00000000ff700000)
  to   space 59904K, 0% used [0x00000000f8200000,0x00000000f8200000,0x00000000fbc80000)
 ParOldGen       total 217600K, used 190481K [0x00000000a0000000, 0x00000000ad480000, 0x00000000e0000000)
  object space 217600K, 87% used [0x00000000a0000000,0x00000000aba04680,0x00000000ad480000)
 Metaspace       used 119431K, capacity 124632K, committed 125120K, reserved 1159168K
  class space    used 14899K, capacity 15926K, committed 16088K, reserved 1048576K
}
Event: 1115.706 GC heap before
{Heap before GC invocations=66 (full 5):
 PSYoungGen      total 450048K, used 407466K [0x00000000e0000000, 0x00000000ff700000, 0x0000000100000000)
  eden space 395264K, 100% used [0x00000000e0000000,0x00000000f8200000,0x00000000f8200000)
  from space 54784K, 22% used [0x00000000fc180000,0x00000000fcd6a980,0x00000000ff700000)
  to   space 59904K, 0% used [0x00000000f8200000,0x00000000f8200000,0x00000000fbc80000)
 ParOldGen       total 217600K, used 190481K [0x00000000a0000000, 0x00000000ad480000, 0x00000000e0000000)
  object space 217600K, 87% used [0x00000000a0000000,0x00000000aba04680,0x00000000ad480000)
 Metaspace       used 119444K, capacity 124632K, committed 125120K, reserved 1159168K
  class space    used 14899K, capacity 15926K, committed 16088K, reserved 1048576K
Event: 1115.790 GC heap after
Heap after GC invocations=66 (full 5):
 PSYoungGen      total 455168K, used 9647K [0x00000000e0000000, 0x0000000100000000, 0x0000000100000000)
  eden space 395264K, 0% used [0x00000000e0000000,0x00000000e0000000,0x00000000f8200000)
  from space 59904K, 16% used [0x00000000f8200000,0x00000000f8b6bc30,0x00000000fbc80000)
  to   space 57344K, 0% used [0x00000000fc800000,0x00000000fc800000,0x0000000100000000)
 ParOldGen       total 217600K, used 196255K [0x00000000a0000000, 0x00000000ad480000, 0x00000000e0000000)
  object space 217600K, 90% used [0x00000000a0000000,0x00000000abfa7f30,0x00000000ad480000)
 Metaspace       used 119444K, capacity 124632K, committed 125120K, reserved 1159168K
  class space    used 14899K, capacity 15926K, committed 16088K, reserved 1048576K
}
Event: 1121.203 GC heap before
{Heap before GC invocations=67 (full 5):
 PSYoungGen      total 455168K, used 404911K [0x00000000e0000000, 0x0000000100000000, 0x0000000100000000)
  eden space 395264K, 100% used [0x00000000e0000000,0x00000000f8200000,0x00000000f8200000)
  from space 59904K, 16% used [0x00000000f8200000,0x00000000f8b6bc30,0x00000000fbc80000)
  to   space 57344K, 0% used [0x00000000fc800000,0x00000000fc800000,0x0000000100000000)
 ParOldGen       total 217600K, used 196255K [0x00000000a0000000, 0x00000000ad480000, 0x00000000e0000000)
  object space 217600K, 90% used [0x00000000a0000000,0x00000000abfa7f30,0x00000000ad480000)
 Metaspace       used 119455K, capacity 124638K, committed 125120K, reserved 1159168K
  class space    used 14899K, capacity 15927K, committed 16088K, reserved 1048576K
Event: 1121.220 GC heap after
Heap after GC invocations=67 (full 5):
 PSYoungGen      total 458752K, used 1760K [0x00000000e0000000, 0x00000000ffa80000, 0x0000000100000000)
  eden space 407040K, 0% used [0x00000000e0000000,0x00000000e0000000,0x00000000f8d80000)
  from space 51712K, 3% used [0x00000000fc800000,0x00000000fc9b8000,0x00000000ffa80000)
  to   space 55808K, 0% used [0x00000000f8d80000,0x00000000f8d80000,0x00000000fc400000)
 ParOldGen       total 217600K, used 199671K [0x00000000a0000000, 0x00000000ad480000, 0x00000000e0000000)
  object space 217600K, 91% used [0x00000000a0000000,0x00000000ac2fdd40,0x00000000ad480000)
 Metaspace       used 119455K, capacity 124638K, committed 125120K, reserved 1159168K
  class space    used 14899K, capacity 15927K, committed 16088K, reserved 1048576K
}
Event: 1126.818 GC heap before
{Heap before GC invocations=68 (full 5):
 PSYoungGen      total 458752K, used 408800K [0x00000000e0000000, 0x00000000ffa80000, 0x0000000100000000)
  eden space 407040K, 100% used [0x00000000e0000000,0x00000000f8d80000,0x00000000f8d80000)
  from space 51712K, 3% used [0x00000000fc800000,0x00000000fc9b8000,0x00000000ffa80000)
  to   space 55808K, 0% used [0x00000000f8d80000,0x00000000f8d80000,0x00000000fc400000)
 ParOldGen       total 217600K, used 199671K [0x00000000a0000000, 0x00000000ad480000, 0x00000000e0000000)
  object space 217600K, 91% used [0x00000000a0000000,0x00000000ac2fdd40,0x00000000ad480000)
 Metaspace       used 119472K, capacity 124638K, committed 125120K, reserved 1159168K
  class space    used 14899K, capacity 15927K, committed 16088K, reserved 1048576K
Event: 1126.851 GC heap after
Heap after GC invocations=68 (full 5):
 PSYoungGen      total 462848K, used 9576K [0x00000000e0000000, 0x00000000ffe00000, 0x0000000100000000)
  eden space 407040K, 0% used [0x00000000e0000000,0x00000000e0000000,0x00000000f8d80000)
  from space 55808K, 17% used [0x00000000f8d80000,0x00000000f96da098,0x00000000fc400000)
  to   space 52736K, 0% used [0x00000000fca80000,0x00000000fca80000,0x00000000ffe00000)
 ParOldGen       total 217600K, used 201032K [0x00000000a0000000, 0x00000000ad480000, 0x00000000e0000000)
  object space 217600K, 92% used [0x00000000a0000000,0x00000000ac452170,0x00000000ad480000)
 Metaspace       used 119472K, capacity 124638K, committed 125120K, reserved 1159168K
  class space    used 14899K, capacity 15927K, committed 16088K, reserved 1048576K
}
Event: 1132.187 GC heap before
{Heap before GC invocations=69 (full 5):
 PSYoungGen      total 462848K, used 416616K [0x00000000e0000000, 0x00000000ffe00000, 0x0000000100000000)
  eden space 407040K, 100% used [0x00000000e0000000,0x00000000f8d80000,0x00000000f8d80000)
  from space 55808K, 17% used [0x00000000f8d80000,0x00000000f96da098,0x00000000fc400000)
  to   space 52736K, 0% used [0x00000000fca80000,0x00000000fca80000,0x00000000ffe00000)
 ParOldGen       total 217600K, used 201032K [0x00000000a0000000, 0x00000000ad480000, 0x00000000e0000000)
  object space 217600K, 92% used [0x00000000a0000000,0x00000000ac452170,0x00000000ad480000)
 Metaspace       used 119485K, capacity 124638K, committed 125120K, reserved 1159168K
  class space    used 14899K, capacity 15927K, committed 16088K, reserved 1048576K
Event: 1132.231 GC heap after
Heap after GC invocations=69 (full 5):
 PSYoungGen      total 462336K, used 7577K [0x00000000e0000000, 0x00000000ff800000, 0x0000000100000000)
  eden space 415744K, 0% used [0x00000000e0000000,0x00000000e0000000,0x00000000f9600000)
  from space 46592K, 16% used [0x00000000fca80000,0x00000000fd1e6610,0x00000000ff800000)
  to   space 50176K, 0% used [0x00000000f9600000,0x00000000f9600000,0x00000000fc700000)
 ParOldGen       total 217600K, used 207873K [0x00000000a0000000, 0x00000000ad480000, 0x00000000e0000000)
  object space 217600K, 95% used [0x00000000a0000000,0x00000000acb00548,0x00000000ad480000)
 Metaspace       used 119485K, capacity 124638K, committed 125120K, reserved 1159168K
  class space    used 14899K, capacity 15927K, committed 16088K, reserved 1048576K
}
Event: 1132.231 GC heap before
{Heap before GC invocations=70 (full 6):
 PSYoungGen      total 462336K, used 7577K [0x00000000e0000000, 0x00000000ff800000, 0x0000000100000000)
  eden space 415744K, 0% used [0x00000000e0000000,0x00000000e0000000,0x00000000f9600000)
  from space 46592K, 16% used [0x00000000fca80000,0x00000000fd1e6610,0x00000000ff800000)
  to   space 50176K, 0% used [0x00000000f9600000,0x00000000f9600000,0x00000000fc700000)
 ParOldGen       total 217600K, used 207873K [0x00000000a0000000, 0x00000000ad480000, 0x00000000e0000000)
  object space 217600K, 95% used [0x00000000a0000000,0x00000000acb00548,0x00000000ad480000)
 Metaspace       used 119485K, capacity 124638K, committed 125120K, reserved 1159168K
  class space    used 14899K, capacity 15927K, committed 16088K, reserved 1048576K

